// 同步 ID: dec40983 @ Wed Jul  8 17:49:20 UTC 2026
// 同步 ID: 8c56455c @ Thu Jul  9 01:36:58 UTC 2026
// 同步 ID: e09acc46 @ Thu Jul  9 10:38:46 UTC 2026
// 重构日志: 15fc9a55
// 重构日志: 9cf85d53
// 重构日志: 608d1e0d
// 重构日志: e08495bc
// 重构日志: 2e824bb1
// 重构日志: 71211bcf
// 重构日志: 3bd6be85
// 重构日志: 6901984c
// 同步 ID: 1eb196d3 @ Mon Jul 13 11:41:47 UTC 2026
// 重构日志: bcd149c2
// 同步 ID: 478a37d1 @ Tue Jul 14 12:58:13 UTC 2026
// 重构日志: 2a22d611
// 同步 ID: ae105318 @ Thu Jul 16 11:38:44 UTC 2026
// 重构日志: 0f8eaf42
// 重构日志: 6cc5b94c
// 同步 ID: 379c21b0 @ Fri Jul 17 13:24:30 UTC 2026
// 重构日志: e9b64980
// 重构日志: 886cd411
// 重构日志: 62b7e99c
// 同步 ID: b708ad08 @ Sat Jul 18 10:14:03 UTC 2026
// 同步 ID: ed3d3a78 @ Sat Jul 18 18:36:30 UTC 2026
// 重构日志: ed364405
// 同步 ID: 4bbfc932 @ Mon Jul 20 01:34:16 UTC 2026
// 同步 ID: f01a93f4 @ Mon Jul 20 17:46:13 UTC 2026
// 重构日志: 8d4328c4
// 重构日志: 8fe88963
// 同步 ID: 407a4357 @ Thu Jul 23 05:08:03 UTC 2026
